mode: set
github.com/catorpilor/gopher/auth.go:5.66,8.20 2 0
github.com/catorpilor/gopher/auth.go:8.20,10.3 1 0
github.com/catorpilor/gopher/handle_user.go:10.86,15.2 2 0
github.com/catorpilor/gopher/handle_user.go:17.84,25.16 3 0
github.com/catorpilor/gopher/handle_user.go:36.2,37.16 2 0
github.com/catorpilor/gopher/handle_user.go:43.2,46.16 4 0
github.com/catorpilor/gopher/handle_user.go:49.2,49.16 1 0
github.com/catorpilor/gopher/handle_user.go:52.2,52.80 1 0
github.com/catorpilor/gopher/handle_user.go:25.16,26.29 1 0
github.com/catorpilor/gopher/handle_user.go:34.3,34.13 1 0
github.com/catorpilor/gopher/handle_user.go:26.29,33.4 2 0
github.com/catorpilor/gopher/handle_user.go:37.16,38.13 1 0
github.com/catorpilor/gopher/handle_user.go:39.3,39.9 1 0
github.com/catorpilor/gopher/handle_user.go:46.16,47.13 1 0
github.com/catorpilor/gopher/handle_user.go:49.16,51.3 1 0
github.com/catorpilor/gopher/handle_user.go:55.82,60.2 2 0
github.com/catorpilor/gopher/handle_user.go:61.84,68.16 6 0
github.com/catorpilor/gopher/handle_user.go:78.2,79.16 2 0
github.com/catorpilor/gopher/handle_user.go:83.2,83.83 1 0
github.com/catorpilor/gopher/handle_user.go:68.16,69.29 1 0
github.com/catorpilor/gopher/handle_user.go:76.3,76.13 1 0
github.com/catorpilor/gopher/handle_user.go:69.29,75.4 2 0
github.com/catorpilor/gopher/handle_user.go:79.16,80.13 1 0
github.com/catorpilor/gopher/handle_user.go:86.87,89.16 3 0
github.com/catorpilor/gopher/handle_user.go:94.2,94.17 1 0
github.com/catorpilor/gopher/handle_user.go:99.2,100.16 2 0
github.com/catorpilor/gopher/handle_user.go:104.2,107.4 1 0
github.com/catorpilor/gopher/handle_user.go:89.16,90.13 1 0
github.com/catorpilor/gopher/handle_user.go:94.17,97.3 2 0
github.com/catorpilor/gopher/handle_user.go:100.16,101.13 1 0
github.com/catorpilor/gopher/id.go:14.51,22.23 3 0
github.com/catorpilor/gopher/id.go:27.2,27.49 1 0
github.com/catorpilor/gopher/id.go:22.23,24.3 1 0
github.com/catorpilor/gopher/session.go:21.49,37.2 5 0
github.com/catorpilor/gopher/session.go:39.47,41.16 2 1
github.com/catorpilor/gopher/session.go:44.2,45.16 2 1
github.com/catorpilor/gopher/session.go:48.2,48.20 1 1
github.com/catorpilor/gopher/session.go:51.2,51.23 1 1
github.com/catorpilor/gopher/session.go:55.2,55.16 1 1
github.com/catorpilor/gopher/session.go:41.16,43.3 1 1
github.com/catorpilor/gopher/session.go:45.16,47.3 1 0
github.com/catorpilor/gopher/session.go:48.20,50.3 1 0
github.com/catorpilor/gopher/session.go:51.23,54.3 2 0
github.com/catorpilor/gopher/session.go:58.34,60.2 1 1
github.com/catorpilor/gopher/session.go:62.41,64.44 2 1
github.com/catorpilor/gopher/session.go:68.2,69.16 2 1
github.com/catorpilor/gopher/session.go:72.2,72.13 1 1
github.com/catorpilor/gopher/session.go:64.44,66.3 1 1
github.com/catorpilor/gopher/session.go:69.16,70.13 1 0
github.com/catorpilor/gopher/session.go:75.59,77.27 1 1
github.com/catorpilor/gopher/session.go:80.2,82.65 3 1
github.com/catorpilor/gopher/session.go:77.27,79.3 1 1
github.com/catorpilor/gopher/session.go:85.75,87.20 2 0
github.com/catorpilor/gopher/session.go:90.2,90.16 1 0
github.com/catorpilor/gopher/session.go:87.20,89.3 1 0
github.com/catorpilor/gopher/errors.go:21.40,24.2 2 0
github.com/catorpilor/gopher/image_store.go:20.35,24.2 1 1
github.com/catorpilor/gopher/image_store.go:26.53,43.2 2 0
github.com/catorpilor/gopher/image_store.go:45.60,65.2 4 0
github.com/catorpilor/gopher/image_store.go:67.65,79.16 2 0
github.com/catorpilor/gopher/image_store.go:83.2,84.18 2 0
github.com/catorpilor/gopher/image_store.go:100.2,100.20 1 0
github.com/catorpilor/gopher/image_store.go:79.16,81.3 1 0
github.com/catorpilor/gopher/image_store.go:84.18,95.17 3 0
github.com/catorpilor/gopher/image_store.go:98.3,98.33 1 0
github.com/catorpilor/gopher/image_store.go:95.17,97.4 1 0
github.com/catorpilor/gopher/image_store.go:103.83,118.16 2 0
github.com/catorpilor/gopher/image_store.go:122.2,123.18 2 0
github.com/catorpilor/gopher/image_store.go:139.2,139.20 1 0
github.com/catorpilor/gopher/image_store.go:118.16,120.3 1 0
github.com/catorpilor/gopher/image_store.go:123.18,134.17 3 0
github.com/catorpilor/gopher/image_store.go:137.3,137.33 1 0
github.com/catorpilor/gopher/image_store.go:134.17,136.4 1 0
github.com/catorpilor/gopher/user_store.go:37.64,48.16 3 1
github.com/catorpilor/gopher/user_store.go:56.2,58.16 2 1
github.com/catorpilor/gopher/user_store.go:63.2,64.19 2 1
github.com/catorpilor/gopher/user_store.go:48.16,50.25 1 0
github.com/catorpilor/gopher/user_store.go:53.3,53.18 1 0
github.com/catorpilor/gopher/user_store.go:50.25,52.4 1 0
github.com/catorpilor/gopher/user_store.go:58.16,60.3 1 0
github.com/catorpilor/gopher/user_store.go:67.50,73.16 5 0
github.com/catorpilor/gopher/user_store.go:77.2,77.57 1 0
github.com/catorpilor/gopher/user_store.go:73.16,75.3 1 0
github.com/catorpilor/gopher/user_store.go:82.59,84.8 2 0
github.com/catorpilor/gopher/user_store.go:87.2,87.17 1 0
github.com/catorpilor/gopher/user_store.go:84.8,86.3 1 0
github.com/catorpilor/gopher/user_store.go:90.75,91.20 1 0
github.com/catorpilor/gopher/user_store.go:94.2,95.8 2 0
github.com/catorpilor/gopher/user_store.go:107.2,107.17 1 0
github.com/catorpilor/gopher/user_store.go:91.20,93.3 1 0
github.com/catorpilor/gopher/user_store.go:95.8,97.9 2 0
github.com/catorpilor/gopher/user_store.go:97.9,99.4 1 0
github.com/catorpilor/gopher/user_store.go:110.69,111.17 1 0
github.com/catorpilor/gopher/user_store.go:114.2,115.8 2 0
github.com/catorpilor/gopher/user_store.go:128.2,128.17 1 0
github.com/catorpilor/gopher/user_store.go:111.17,113.3 1 0
github.com/catorpilor/gopher/user_store.go:115.8,117.9 2 0
github.com/catorpilor/gopher/user_store.go:117.9,119.4 1 0
github.com/catorpilor/gopher/session_store.go:34.70,45.16 3 1
github.com/catorpilor/gopher/session_store.go:53.2,55.16 2 1
github.com/catorpilor/gopher/session_store.go:58.2,60.19 2 1
github.com/catorpilor/gopher/session_store.go:45.16,47.25 1 0
github.com/catorpilor/gopher/session_store.go:50.3,50.18 1 0
github.com/catorpilor/gopher/session_store.go:47.25,49.4 1 0
github.com/catorpilor/gopher/session_store.go:55.16,57.3 1 0
github.com/catorpilor/gopher/session_store.go:63.61,67.16 3 0
github.com/catorpilor/gopher/session_store.go:71.2,71.57 1 0
github.com/catorpilor/gopher/session_store.go:67.16,69.3 1 0
github.com/catorpilor/gopher/session_store.go:76.66,78.8 2 0
github.com/catorpilor/gopher/session_store.go:81.2,81.17 1 0
github.com/catorpilor/gopher/session_store.go:78.8,80.3 1 0
github.com/catorpilor/gopher/session_store.go:84.63,88.16 3 0
github.com/catorpilor/gopher/session_store.go:92.2,92.57 1 0
github.com/catorpilor/gopher/session_store.go:88.16,90.3 1 0
github.com/catorpilor/gopher/user.go:23.62,28.20 2 1
github.com/catorpilor/gopher/user.go:31.2,31.17 1 1
github.com/catorpilor/gopher/user.go:34.2,34.20 1 1
github.com/catorpilor/gopher/user.go:37.2,37.36 1 1
github.com/catorpilor/gopher/user.go:41.2,42.16 2 1
github.com/catorpilor/gopher/user.go:45.2,45.25 1 1
github.com/catorpilor/gopher/user.go:48.2,49.16 2 1
github.com/catorpilor/gopher/user.go:52.2,52.25 1 1
github.com/catorpilor/gopher/user.go:56.2,59.18 4 0
github.com/catorpilor/gopher/user.go:28.20,30.3 1 1
github.com/catorpilor/gopher/user.go:31.17,33.3 1 0
github.com/catorpilor/gopher/user.go:34.20,36.3 1 1
github.com/catorpilor/gopher/user.go:37.36,39.3 1 0
github.com/catorpilor/gopher/user.go:42.16,44.3 1 0
github.com/catorpilor/gopher/user.go:45.25,47.3 1 1
github.com/catorpilor/gopher/user.go:49.16,51.3 1 0
github.com/catorpilor/gopher/user.go:52.25,54.3 1 1
github.com/catorpilor/gopher/user.go:62.57,68.16 3 0
github.com/catorpilor/gopher/user.go:71.2,71.20 1 0
github.com/catorpilor/gopher/user.go:75.2,78.11 1 0
github.com/catorpilor/gopher/user.go:82.2,82.21 1 0
github.com/catorpilor/gopher/user.go:68.16,70.3 1 0
github.com/catorpilor/gopher/user.go:71.20,73.3 1 0
github.com/catorpilor/gopher/user.go:78.11,80.3 1 0
github.com/catorpilor/gopher/user.go:85.73,87.17 2 0
github.com/catorpilor/gopher/user.go:90.2,94.16 3 0
github.com/catorpilor/gopher/user.go:97.2,97.45 1 0
github.com/catorpilor/gopher/user.go:102.2,104.18 2 0
github.com/catorpilor/gopher/user.go:108.2,111.11 1 0
github.com/catorpilor/gopher/user.go:115.2,115.18 1 0
github.com/catorpilor/gopher/user.go:119.2,119.34 1 0
github.com/catorpilor/gopher/user.go:123.2,125.17 3 0
github.com/catorpilor/gopher/user.go:87.17,89.3 1 0
github.com/catorpilor/gopher/user.go:94.16,96.3 1 0
github.com/catorpilor/gopher/user.go:97.45,99.3 1 0
github.com/catorpilor/gopher/user.go:104.18,106.3 1 0
github.com/catorpilor/gopher/user.go:111.11,113.3 1 0
github.com/catorpilor/gopher/user.go:115.18,117.3 1 0
github.com/catorpilor/gopher/user.go:119.34,121.3 1 0
github.com/catorpilor/gopher/user.go:128.38,133.2 1 0
github.com/catorpilor/gopher/user.go:135.40,137.2 1 0
github.com/catorpilor/gopher/handle_index.go:9.83,12.16 2 0
github.com/catorpilor/gopher/handle_index.go:15.2,17.4 1 0
github.com/catorpilor/gopher/handle_index.go:12.16,13.13 1 0
github.com/catorpilor/gopher/handle_session.go:10.84,16.2 3 0
github.com/catorpilor/gopher/handle_session.go:18.87,23.16 5 0
github.com/catorpilor/gopher/handle_session.go:35.2,38.16 4 0
github.com/catorpilor/gopher/handle_session.go:42.2,42.16 1 0
github.com/catorpilor/gopher/handle_session.go:45.2,45.74 1 0
github.com/catorpilor/gopher/handle_session.go:23.16,24.29 1 0
github.com/catorpilor/gopher/handle_session.go:32.3,32.13 1 0
github.com/catorpilor/gopher/handle_session.go:24.29,31.4 2 0
github.com/catorpilor/gopher/handle_session.go:38.16,39.13 1 0
github.com/catorpilor/gopher/handle_session.go:42.16,44.3 1 0
github.com/catorpilor/gopher/handle_session.go:48.88,50.20 2 0
github.com/catorpilor/gopher/handle_session.go:56.2,56.47 1 0
github.com/catorpilor/gopher/handle_session.go:50.20,52.17 2 0
github.com/catorpilor/gopher/handle_session.go:52.17,53.14 1 0
github.com/catorpilor/gopher/notfound.go:7.71,7.73 0 1
github.com/catorpilor/gopher/middleware.go:7.48,9.2 1 1
github.com/catorpilor/gopher/middleware.go:11.71,16.28 2 1
github.com/catorpilor/gopher/middleware.go:23.2,23.21 1 0
github.com/catorpilor/gopher/middleware.go:16.28,19.17 2 1
github.com/catorpilor/gopher/middleware.go:19.17,21.4 1 1
github.com/catorpilor/gopher/middleware.go:31.82,35.2 1 1
github.com/catorpilor/gopher/middleware.go:37.69,40.2 2 1
github.com/catorpilor/gopher/middleware.go:42.58,45.2 2 1
github.com/catorpilor/gopher/mysql.go:21.46,23.16 2 1
github.com/catorpilor/gopher/mysql.go:26.2,26.22 1 1
github.com/catorpilor/gopher/mysql.go:23.16,25.3 1 0
github.com/catorpilor/gopher/template.go:11.34,13.3 1 0
github.com/catorpilor/gopher/template.go:33.103,34.17 1 1
github.com/catorpilor/gopher/template.go:37.2,41.42 4 1
github.com/catorpilor/gopher/template.go:47.2,51.16 4 1
github.com/catorpilor/gopher/template.go:34.17,36.3 1 1
github.com/catorpilor/gopher/template.go:41.42,45.4 3 1
github.com/catorpilor/gopher/template.go:51.16,57.3 1 0
github.com/catorpilor/gopher/file_store.go:14.39,16.16 2 0
github.com/catorpilor/gopher/file_store.go:22.2,23.16 2 0
github.com/catorpilor/gopher/file_store.go:26.2,26.12 1 0
github.com/catorpilor/gopher/file_store.go:16.16,17.25 1 0
github.com/catorpilor/gopher/file_store.go:20.3,20.13 1 0
github.com/catorpilor/gopher/file_store.go:17.25,19.4 1 0
github.com/catorpilor/gopher/file_store.go:23.16,25.3 1 0
github.com/catorpilor/gopher/file_store.go:29.42,33.16 4 0
github.com/catorpilor/gopher/file_store.go:36.2,36.54 1 0
github.com/catorpilor/gopher/file_store.go:33.16,35.3 1 0
github.com/catorpilor/gopher/handle_image.go:10.87,12.2 1 1
github.com/catorpilor/gopher/handle_image.go:14.85,15.30 1 0
github.com/catorpilor/gopher/handle_image.go:20.2,20.33 1 0
github.com/catorpilor/gopher/handle_image.go:15.30,19.3 2 0
github.com/catorpilor/gopher/handle_image.go:23.71,31.16 5 0
github.com/catorpilor/gopher/handle_image.go:43.2,43.91 1 0
github.com/catorpilor/gopher/handle_image.go:31.16,32.29 1 0
github.com/catorpilor/gopher/handle_image.go:40.3,40.13 1 0
github.com/catorpilor/gopher/handle_image.go:32.29,39.4 2 0
github.com/catorpilor/gopher/handle_image.go:46.72,55.17 5 0
github.com/catorpilor/gopher/handle_image.go:64.2,64.16 1 0
github.com/catorpilor/gopher/handle_image.go:68.2,71.16 3 0
github.com/catorpilor/gopher/handle_image.go:79.2,79.91 1 0
github.com/catorpilor/gopher/handle_image.go:55.17,61.3 2 0
github.com/catorpilor/gopher/handle_image.go:64.16,65.13 1 0
github.com/catorpilor/gopher/handle_image.go:71.16,77.3 2 0
github.com/catorpilor/gopher/handle_image.go:82.88,85.16 3 0
github.com/catorpilor/gopher/handle_image.go:90.2,90.18 1 0
github.com/catorpilor/gopher/handle_image.go:95.2,96.16 2 0
github.com/catorpilor/gopher/handle_image.go:100.2,100.17 1 0
github.com/catorpilor/gopher/handle_image.go:104.2,107.4 1 0
github.com/catorpilor/gopher/handle_image.go:85.16,86.13 1 0
github.com/catorpilor/gopher/handle_image.go:90.18,93.3 2 0
github.com/catorpilor/gopher/handle_image.go:96.16,97.13 1 0
github.com/catorpilor/gopher/handle_image.go:100.17,101.58 1 0
github.com/catorpilor/gopher/image.go:33.13,35.2 1 1
github.com/catorpilor/gopher/image.go:37.34,43.2 1 0
github.com/catorpilor/gopher/image.go:53.58,56.16 2 1
github.com/catorpilor/gopher/image.go:61.2,61.37 1 1
github.com/catorpilor/gopher/image.go:65.2,69.16 3 1
github.com/catorpilor/gopher/image.go:74.2,75.12 2 1
github.com/catorpilor/gopher/image.go:80.2,85.16 4 0
github.com/catorpilor/gopher/image.go:88.2,92.16 3 0
github.com/catorpilor/gopher/image.go:95.2,98.16 3 0
github.com/catorpilor/gopher/image.go:103.2,103.37 1 0
github.com/catorpilor/gopher/image.go:56.16,58.3 1 0
github.com/catorpilor/gopher/image.go:61.37,63.3 1 1
github.com/catorpilor/gopher/image.go:69.16,71.3 1 0
github.com/catorpilor/gopher/image.go:75.12,77.3 1 1
github.com/catorpilor/gopher/image.go:85.16,87.3 1 0
github.com/catorpilor/gopher/image.go:92.16,94.3 1 0
github.com/catorpilor/gopher/image.go:98.16,100.3 1 0
github.com/catorpilor/gopher/image.go:106.94,112.16 4 0
github.com/catorpilor/gopher/image.go:116.2,120.16 3 0
github.com/catorpilor/gopher/image.go:124.2,128.16 3 0
github.com/catorpilor/gopher/image.go:133.2,133.37 1 0
github.com/catorpilor/gopher/image.go:112.16,114.3 1 0
github.com/catorpilor/gopher/image.go:120.16,122.3 1 0
github.com/catorpilor/gopher/image.go:128.16,130.3 1 0
github.com/catorpilor/gopher/image.go:136.40,138.2 1 0
github.com/catorpilor/gopher/image.go:140.42,142.2 1 0
github.com/catorpilor/gopher/image.go:144.49,147.16 2 0
github.com/catorpilor/gopher/image.go:152.2,159.25 4 0
github.com/catorpilor/gopher/image.go:165.2,165.12 1 0
github.com/catorpilor/gopher/image.go:147.16,149.3 1 0
github.com/catorpilor/gopher/image.go:159.25,161.17 2 0
github.com/catorpilor/gopher/image.go:161.17,163.4 1 0
github.com/catorpilor/gopher/image.go:168.81,172.2 3 0
github.com/catorpilor/gopher/image.go:174.79,182.2 6 0
github.com/catorpilor/gopher/image.go:184.51,186.2 1 0
github.com/catorpilor/gopher/image.go:188.49,190.2 1 0
github.com/catorpilor/gopher/main.go:11.13,14.16 2 1
github.com/catorpilor/gopher/main.go:17.2,21.16 3 1
github.com/catorpilor/gopher/main.go:24.2,28.16 3 1
github.com/catorpilor/gopher/main.go:31.2,34.38 2 1
github.com/catorpilor/gopher/main.go:14.16,15.58 1 0
github.com/catorpilor/gopher/main.go:21.16,22.61 1 0
github.com/catorpilor/gopher/main.go:28.16,29.13 1 0
github.com/catorpilor/gopher/main.go:38.13,48.2 1 0
github.com/catorpilor/gopher/main.go:50.26,74.2 21 1
github.com/catorpilor/gopher/main.go:76.37,81.2 4 1
